./generate-sprites.sh 
++ dirname ./generate-sprites.sh
+ cd ./../assets/sprites
+ rm -f emojione-3.0-32x32-or8.png emojione-3.0-32x32.png emojione-3.0-64x64-or8.png emojione-3.0-64x64.png
+ node ../../scripts/create-sprites.js
Writing /home/pladaria/projects/react-emojione/assets/sprites/emojione-3.0-32x32.png
Writing /home/pladaria/projects/react-emojione/assets/sprites/emojione-3.0-64x64.png
+ pngquant --force --speed 1 --nofs --verbose emojione-3.0-32x32.png emojione-3.0-64x64.png
emojione-3.0-32x32.png:
  read 2374KB file
  made histogram...126404 colors found
  selecting colors...3%
  selecting colors...5%
  selecting colors...18%
  selecting colors...20%
  selecting colors...32%
  selecting colors...35%
  selecting colors...47%
  selecting colors...60%
  selecting colors...73%
  selecting colors...86%
  selecting colors...98%
  selecting colors...100%
  moving colormap towards local minimum
  eliminated opaque tRNS-chunk entries...149 entries transparent
  mapped image to new colors...MSE=27.772 (Q=27)
  writing 256-color image as emojione-3.0-32x32-or8.png
emojione-3.0-64x64.png:
  conserving memory
  read 5832KB file
  made histogram...164346 colors found
  selecting colors...3%
  selecting colors...15%
  selecting colors...28%
  selecting colors...30%
  selecting colors...32%
  selecting colors...45%
  selecting colors...58%
  selecting colors...60%
  selecting colors...62%
  selecting colors...75%
  selecting colors...88%
  selecting colors...100%
  moving colormap towards local minimum
  eliminated opaque tRNS-chunk entries...109 entries transparent
  mapped image to new colors...MSE=16.566 (Q=51)
  writing 256-color image as emojione-3.0-64x64-or8.png
No errors detected while quantizing 2 images.
+ ls -la
total 10028
drwxrwxr-x 2 pladaria pladaria    4096 oct  3 12:32 .
drwxrwxr-x 6 pladaria pladaria    4096 oct  3 12:00 ..
-rw-rw-r-- 1 pladaria pladaria  547166 oct  3 12:32 emojione-3.0-32x32-or8.png
-rw-rw-r-- 1 pladaria pladaria 2430675 oct  3 12:32 emojione-3.0-32x32.png
-rw-rw-r-- 1 pladaria pladaria 1303733 oct  3 12:32 emojione-3.0-64x64-or8.png
-rw-rw-r-- 1 pladaria pladaria 5971700 oct  3 12:32 emojione-3.0-64x64.png
+ zopflipng -y -m --iterations=500 --lossy_8bit --filters=01234mepb --lossy_transparent emojione-3.0-32x32-or8.png emojione-3.0-32x32.png
Optimizing emojione-3.0-32x32-or8.png
Input size: 547166 (534K)
Result size: 516140 (504K). Percentage of original: 94.330%
Result is smaller

+ zopflipng -y -m --iterations=500 --lossy_8bit --filters=01234mepb --lossy_transparent emojione-3.0-64x64-or8.png emojione-3.0-64x64.png
Optimizing emojione-3.0-64x64-or8.png
Input size: 1303733 (1273K)
Result size: 1211957 (1183K). Percentage of original: 92.961%
Result is smaller

+ ls -la
total 3512
drwxrwxr-x 2 pladaria pladaria    4096 oct  3 12:32 .
drwxrwxr-x 6 pladaria pladaria    4096 oct  3 12:00 ..
-rw-rw-r-- 1 pladaria pladaria  547166 oct  3 12:32 emojione-3.0-32x32-or8.png
-rw-rw-r-- 1 pladaria pladaria  516140 oct  3 13:13 emojione-3.0-32x32.png
-rw-rw-r-- 1 pladaria pladaria 1303733 oct  3 12:32 emojione-3.0-64x64-or8.png
-rw-rw-r-- 1 pladaria pladaria 1211957 oct  3 16:29 emojione-3.0-64x64.png
+ rm -f '*.-or8.png'

